debug 2024/03/23 18:40:46 0x5f25c0
debug 2024/03/23 18:41:51 0x5f2840
debug 2024/03/23 18:42:18 0x5f1c40
debug 2024/03/23 18:43:16 0x5f1c60
debug 2024/03/23 18:54:40 0x5f1c60
debug 2024/03/23 18:54:47 0x5f20c0
debug 2024/03/23 18:56:35 0x5f20c0
debug 2024/03/26 08:28:14 failed to update text in DB: err=unsupported data type: map[Contents:hhhhhh
 ID:0 Title:hoge]: Table not set, please set it like: db.Model(&user) or db.Table("users")
debug 2024/03/26 08:40:09 id=0, title=
debug 2024/03/26 08:40:17 id=1, title=hoge
debug 2024/03/26 08:40:24 failed to update text in DB: err=unsupported data type: map[Contents:submit ID:0 Title:title]: Table not set, please set it like: db.Model(&user) or db.Table("users")
debug 2024/03/26 08:42:13 id=1, title=hoge
debug 2024/03/26 08:42:18 failed to update text in DB: err=WHERE conditions required
debug 2024/03/26 08:43:15 id=1, title=hoge
debug 2024/03/26 08:44:37 id=0, title=
debug 2024/03/26 08:44:45 id=0, title=
debug 2024/03/26 08:44:51 id=2, title=hoge
debug 2024/03/26 08:46:33 id=2, title=hoge
debug 2024/03/26 08:46:36 updating text id=0, title=hoge
debug 2024/03/26 08:48:06 id=3, title=hoge
debug 2024/03/26 08:48:10 target text id=0, title=hoge
debug 2024/03/26 08:48:17 id=1, title=hoge
debug 2024/03/26 08:48:22 target text id=0, title=fuga
debug 2024/03/26 08:48:34 id=5, title=fuga
debug 2024/03/26 08:48:42 target text id=0, title=12345
debug 2024/03/26 09:02:35 id=6, title=12345
debug 2024/03/26 09:08:33 id=1, title=hoge
debug 2024/03/26 09:08:36 target text id=1, title=hoge
debug 2024/03/26 09:09:22 id=1, title=hoge
debug 2024/03/26 09:09:23 target text id=1, title=ho
debug 2024/03/26 09:09:25 id=1, title=ho
debug 2024/03/26 09:09:28 target text id=1, title=ho
